<?xml version="1.0" encoding="UTF-8"?>
<testsuite name="demo.CucumberRunner" tests="0" skipped="0" failures="0" errors="0" timestamp="1970-01-01T00:00:00" hostname="DESKTOP-62857U8" time="0.0">
  <properties/>
  <system-out><![CDATA[  ?[32mGiven ?[0m?[32muser input ?[0m?[32m?[1m"email@cermati.com"?[0m?[32m at search email field?[0m ?[90m# demo.steps_definition.DaftarAkunStep.inputEmailAtEmailField(java.lang.String)?[0m
  ?[32mAnd ?[0m?[32muser input ?[0m?[32m?[1m"08123456789"?[0m?[32m at search no hp field?[0m         ?[90m# demo.steps_definition.DaftarAkunStep.inputNoHpAtNoHpField(java.lang.String)?[0m
  ?[33mAnd ?[0m?[33muser input "Abc123!@#" at search password field?[0m        ?[90m# null?[0m
  ?[36mAnd ?[0m?[36muser input "Abc123!@#" at search repeat password field?[0m ?[90m# null?[0m
  ?[36mAnd ?[0m?[36muser input "Aufa" at search surname field?[0m              ?[90m# null?[0m
  ?[36mAnd ?[0m?[36muser input "Athallah" at search lastname field?[0m         ?[90m# null?[0m
  ?[36mAnd ?[0m?[36muser input "Jakarta" at search city field?[0m              ?[90m# null?[0m
]]></system-out>
  <system-err><![CDATA[?[32m?[1m┌───────────────────────────────────────────────────────────────────────────────────┐?[0m
?[32m?[1m│?[0m Share your Cucumber Report with your team at ?[36m?[1m?[4mhttps://reports.cucumber.io?[0m          ?[32m?[1m│?[0m
?[32m?[1m│?[0m Activate publishing with one of the following:                                    ?[32m?[1m│?[0m
?[32m?[1m│?[0m                                                                                   ?[32m?[1m│?[0m
?[32m?[1m│?[0m src/test/resources/cucumber.properties:          ?[36mcucumber.publish.enabled?[0m=?[36mtrue?[0m    ?[32m?[1m│?[0m
?[32m?[1m│?[0m src/test/resources/junit-platform.properties:    ?[36mcucumber.publish.enabled?[0m=?[36mtrue?[0m    ?[32m?[1m│?[0m
?[32m?[1m│?[0m Environment variable:                            ?[36mCUCUMBER_PUBLISH_ENABLED?[0m=?[36mtrue?[0m    ?[32m?[1m│?[0m
?[32m?[1m│?[0m JUnit:                                           ?[36m@CucumberOptions?[0m(publish = ?[36mtrue?[0m) ?[32m?[1m│?[0m
?[32m?[1m│?[0m                                                                                   ?[32m?[1m│?[0m
?[32m?[1m│?[0m More information at ?[36mhttps://cucumber.io/docs/cucumber/environment-variables/?[0m      ?[32m?[1m│?[0m
?[32m?[1m│?[0m                                                                                   ?[32m?[1m│?[0m
?[32m?[1m│?[0m Disable this message with one of the following:                                   ?[32m?[1m│?[0m
?[32m?[1m│?[0m                                                                                   ?[32m?[1m│?[0m
?[32m?[1m│?[0m src/test/resources/cucumber.properties:          ?[36mcucumber.publish.quiet?[0m=?[36mtrue?[0m      ?[32m?[1m│?[0m
?[32m?[1m│?[0m src/test/resources/junit-platform.properties:    ?[36mcucumber.publish.quiet?[0m=?[36mtrue?[0m      ?[32m?[1m│?[0m
?[32m?[1m└───────────────────────────────────────────────────────────────────────────────────┘?[0m
]]></system-err>
</testsuite>
